# JRE version: OpenJDK Runtime Environment (8.0_152-b01) (build 1.8.0_152-release-915-b01)
# Java VM: OpenJDK 64-Bit Server VM (25.152-b01 mixed mode windows-amd64 compressed oops)
Heap:
 PSYoungGen      total 493056K, used 147031K [0x00000000e0000000, 0x0000000100000000, 0x0000000100000000)
  eden space 463872K, 29% used [0x00000000e0000000,0x00000000e83f5e08,0x00000000fc500000)
  from space 29184K, 40% used [0x00000000fe080000,0x00000000fec200e0,0x00000000ffd00000)
  to   space 28160K, 0% used [0x00000000fc500000,0x00000000fc500000,0x00000000fe080000)
 ParOldGen       total 115712K, used 65164K [0x00000000a0000000, 0x00000000a7100000, 0x00000000e0000000)
  object space 115712K, 56% used [0x00000000a0000000,0x00000000a3fa3008,0x00000000a7100000)
 Metaspace       used 79675K, capacity 85756K, committed 85888K, reserved 1124352K
  class space    used 10256K, capacity 11640K, committed 11648K, reserved 1048576K
GC Heap History (10 events):
Event: 1079.622 GC heap before
{Heap before GC invocations=15 (full 3):
 PSYoungGen      total 486912K, used 486860K [0x00000000e0000000, 0x0000000100000000, 0x0000000100000000)
  eden space 465920K, 100% used [0x00000000e0000000,0x00000000fc700000,0x00000000fc700000)
  from space 20992K, 99% used [0x00000000fc700000,0x00000000fdb73280,0x00000000fdb80000)
  to   space 30208K, 0% used [0x00000000fe280000,0x00000000fe280000,0x0000000100000000)
 ParOldGen       total 115712K, used 53690K [0x00000000a0000000, 0x00000000a7100000, 0x00000000e0000000)
  object space 115712K, 46% used [0x00000000a0000000,0x00000000a346eba8,0x00000000a7100000)
 Metaspace       used 76754K, capacity 80900K, committed 81152K, reserved 1120256K
  class space    used 9968K, capacity 10928K, committed 11008K, reserved 1048576K
Event: 1079.646 GC heap after
Heap after GC invocations=15 (full 3):
 PSYoungGen      total 493056K, used 20464K [0x00000000e0000000, 0x0000000100000000, 0x0000000100000000)
  eden space 462848K, 0% used [0x00000000e0000000,0x00000000e0000000,0x00000000fc400000)
  from space 30208K, 67% used [0x00000000fe280000,0x00000000ff67c2a0,0x0000000100000000)
  to   space 30720K, 0% used [0x00000000fc400000,0x00000000fc400000,0x00000000fe200000)
 ParOldGen       total 115712K, used 62628K [0x00000000a0000000, 0x00000000a7100000, 0x00000000e0000000)
  object space 115712K, 54% used [0x00000000a0000000,0x00000000a3d29078,0x00000000a7100000)
 Metaspace       used 76754K, capacity 80900K, committed 81152K, reserved 1120256K
  class space    used 9968K, capacity 10928K, committed 11008K, reserved 1048576K
}
Event: 3505.540 GC heap before
{Heap before GC invocations=16 (full 3):
 PSYoungGen      total 493056K, used 483312K [0x00000000e0000000, 0x0000000100000000, 0x0000000100000000)
  eden space 462848K, 100% used [0x00000000e0000000,0x00000000fc400000,0x00000000fc400000)
  from space 30208K, 67% used [0x00000000fe280000,0x00000000ff67c2a0,0x0000000100000000)
  to   space 30720K, 0% used [0x00000000fc400000,0x00000000fc400000,0x00000000fe200000)
 ParOldGen       total 115712K, used 62628K [0x00000000a0000000, 0x00000000a7100000, 0x00000000e0000000)
  object space 115712K, 54% used [0x00000000a0000000,0x00000000a3d29078,0x00000000a7100000)
 Metaspace       used 77799K, capacity 82436K, committed 82560K, reserved 1120256K
  class space    used 10046K, capacity 11132K, committed 11136K, reserved 1048576K
Event: 3505.555 GC heap after
Heap after GC invocations=16 (full 3):
 PSYoungGen      total 484352K, used 21291K [0x00000000e0000000, 0x0000000100000000, 0x0000000100000000)
  eden space 462848K, 0% used [0x00000000e0000000,0x00000000e0000000,0x00000000fc400000)
  from space 21504K, 99% used [0x00000000fc400000,0x00000000fd8cacc0,0x00000000fd900000)
  to   space 31232K, 0% used [0x00000000fe180000,0x00000000fe180000,0x0000000100000000)
 ParOldGen       total 115712K, used 63238K [0x00000000a0000000, 0x00000000a7100000, 0x00000000e0000000)
  object space 115712K, 54% used [0x00000000a0000000,0x00000000a3dc1888,0x00000000a7100000)
 Metaspace       used 77799K, capacity 82436K, committed 82560K, reserved 1120256K
  class space    used 10046K, capacity 11132K, committed 11136K, reserved 1048576K
}
Event: 3629.105 GC heap before
{Heap before GC invocations=17 (full 3):
 PSYoungGen      total 484352K, used 484139K [0x00000000e0000000, 0x0000000100000000, 0x0000000100000000)
  eden space 462848K, 100% used [0x00000000e0000000,0x00000000fc400000,0x00000000fc400000)
  from space 21504K, 99% used [0x00000000fc400000,0x00000000fd8cacc0,0x00000000fd900000)
  to   space 31232K, 0% used [0x00000000fe180000,0x00000000fe180000,0x0000000100000000)
 ParOldGen       total 115712K, used 63238K [0x00000000a0000000, 0x00000000a7100000, 0x00000000e0000000)
  object space 115712K, 54% used [0x00000000a0000000,0x00000000a3dc1888,0x00000000a7100000)
 Metaspace       used 78837K, capacity 84354K, committed 84480K, reserved 1122304K
  class space    used 10181K, capacity 11435K, committed 11520K, reserved 1048576K
Event: 3629.120 GC heap after
Heap after GC invocations=17 (full 3):
 PSYoungGen      total 494080K, used 14816K [0x00000000e0000000, 0x0000000100000000, 0x0000000100000000)
  eden space 462848K, 0% used [0x00000000e0000000,0x00000000e0000000,0x00000000fc400000)
  from space 31232K, 47% used [0x00000000fe180000,0x00000000feff8210,0x0000000100000000)
  to   space 30208K, 0% used [0x00000000fc400000,0x00000000fc400000,0x00000000fe180000)
 ParOldGen       total 115712K, used 64114K [0x00000000a0000000, 0x00000000a7100000, 0x00000000e0000000)
  object space 115712K, 55% used [0x00000000a0000000,0x00000000a3e9c860,0x00000000a7100000)
 Metaspace       used 78837K, capacity 84354K, committed 84480K, reserved 1122304K
  class space    used 10181K, capacity 11435K, committed 11520K, reserved 1048576K
}
Event: 4707.917 GC heap before
{Heap before GC invocations=18 (full 3):
 PSYoungGen      total 494080K, used 477664K [0x00000000e0000000, 0x0000000100000000, 0x0000000100000000)
  eden space 462848K, 100% used [0x00000000e0000000,0x00000000fc400000,0x00000000fc400000)
  from space 31232K, 47% used [0x00000000fe180000,0x00000000feff8210,0x0000000100000000)
  to   space 30208K, 0% used [0x00000000fc400000,0x00000000fc400000,0x00000000fe180000)
 ParOldGen       total 115712K, used 64114K [0x00000000a0000000, 0x00000000a7100000, 0x00000000e0000000)
  object space 115712K, 55% used [0x00000000a0000000,0x00000000a3e9c860,0x00000000a7100000)
 Metaspace       used 79241K, capacity 84970K, committed 85120K, reserved 1122304K
  class space    used 10219K, capacity 11545K, committed 11648K, reserved 1048576K
Event: 4707.926 GC heap after
Heap after GC invocations=18 (full 3):
 PSYoungGen      total 476160K, used 12880K [0x00000000e0000000, 0x00000000ffd00000, 0x0000000100000000)
  eden space 462848K, 0% used [0x00000000e0000000,0x00000000e0000000,0x00000000fc400000)
  from space 13312K, 96% used [0x00000000fc400000,0x00000000fd094280,0x00000000fd100000)
  to   space 29184K, 0% used [0x00000000fe080000,0x00000000fe080000,0x00000000ffd00000)
 ParOldGen       total 115712K, used 65156K [0x00000000a0000000, 0x00000000a7100000, 0x00000000e0000000)
  object space 115712K, 56% used [0x00000000a0000000,0x00000000a3fa1008,0x00000000a7100000)
 Metaspace       used 79241K, capacity 84970K, committed 85120K, reserved 1122304K
  class space    used 10219K, capacity 11545K, committed 11648K, reserved 1048576K
}
Event: 5393.656 GC heap before
{Heap before GC invocations=19 (full 3):
 PSYoungGen      total 476160K, used 475728K [0x00000000e0000000, 0x00000000ffd00000, 0x0000000100000000)
  eden space 462848K, 100% used [0x00000000e0000000,0x00000000fc400000,0x00000000fc400000)
  from space 13312K, 96% used [0x00000000fc400000,0x00000000fd094280,0x00000000fd100000)
  to   space 29184K, 0% used [0x00000000fe080000,0x00000000fe080000,0x00000000ffd00000)
 ParOldGen       total 115712K, used 65156K [0x00000000a0000000, 0x00000000a7100000, 0x00000000e0000000)
  object space 115712K, 56% used [0x00000000a0000000,0x00000000a3fa1008,0x00000000a7100000)
 Metaspace       used 79575K, capacity 85486K, committed 85632K, reserved 1124352K
  class space    used 10239K, capacity 11597K, committed 11648K, reserved 1048576K
Event: 5393.710 GC heap after
Heap after GC invocations=19 (full 3):
 PSYoungGen      total 493056K, used 11904K [0x00000000e0000000, 0x0000000100000000, 0x0000000100000000)
  eden space 463872K, 0% used [0x00000000e0000000,0x00000000e0000000,0x00000000fc500000)
  from space 29184K, 40% used [0x00000000fe080000,0x00000000fec200e0,0x00000000ffd00000)
  to   space 28160K, 0% used [0x00000000fc500000,0x00000000fc500000,0x00000000fe080000)
 ParOldGen       total 115712K, used 65164K [0x00000000a0000000, 0x00000000a7100000, 0x00000000e0000000)
  object space 115712K, 56% used [0x00000000a0000000,0x00000000a3fa3008,0x00000000a7100000)
 Metaspace       used 79575K, capacity 85486K, committed 85632K, reserved 1124352K
  class space    used 10239K, capacity 11597K, committed 11648K, reserved 1048576K
}

